GROUP,PACKAGE,CLASS,INSTRUCTION_MISSED,INSTRUCTION_COVERED,BRANCH_MISSED,BRANCH_COVERED,LINE_MISSED,LINE_COVERED,COMPLEXITY_MISSED,COMPLEXITY_COVERED,METHOD_MISSED,METHOD_COVERED
patient-service,com.mediscreen.services.patient.controller,PatientController,0,90,0,0,0,27,0,8,0,8
patient-service,com.mediscreen.services.patient,PatientApplication,5,3,0,0,2,1,1,1,1,1
patient-service,com.mediscreen.services.patient.service.impl,PatientServiceImpl,20,160,0,6,0,31,3,14,3,11
patient-service,com.mediscreen.services.patient.config,JpaConfig,0,38,0,0,0,8,0,2,0,2
patient-service,com.mediscreen.services.patient.entity,Patient.Gender,0,15,0,0,0,3,0,1,0,1
patient-service,com.mediscreen.services.patient.exception,PatientErrorException,0,4,0,0,0,2,0,1,0,1
