GROUP,PACKAGE,CLASS,INSTRUCTION_MISSED,INSTRUCTION_COVERED,BRANCH_MISSED,BRANCH_COVERED,LINE_MISSED,LINE_COVERED,COMPLEXITY_MISSED,COMPLEXITY_COVERED,METHOD_MISSED,METHOD_COVERED
note-service,com.mediscreen.services.note.controller,NoteController,0,72,0,0,0,20,0,9,0,9
note-service,com.mediscreen.services.note.config,PopulatorConfig,0,44,0,0,0,11,0,2,0,2
note-service,com.mediscreen.services.note,NoteServiceApplication,5,3,0,0,2,1,1,1,1,1
note-service,com.mediscreen.services.note.service.impl,NoteServiceImpl,0,130,0,6,0,31,0,12,0,9
note-service,com.mediscreen.services.note.exception,NoteErrorException,0,4,0,0,0,2,0,1,0,1
