GROUP,PACKAGE,CLASS,INSTRUCTION_MISSED,INSTRUCTION_COVERED,BRANCH_MISSED,BRANCH_COVERED,LINE_MISSED,LINE_COVERED,COMPLEXITY_MISSED,COMPLEXITY_COVERED,METHOD_MISSED,METHOD_COVERED
assessment-service,com.mediscreen.services.assessment.beans,PatientBean.Gender,0,15,0,0,0,3,0,1,0,1
assessment-service,com.mediscreen.services.assessment.beans,NoteBean,0,3,0,0,0,1,0,1,0,1
assessment-service,com.mediscreen.services.assessment.beans,PatientBean,0,15,0,0,0,5,0,5,0,5
assessment-service,com.mediscreen.services.assessment,AssessmentServiceApplication,5,3,0,0,2,1,1,1,1,1
assessment-service,com.mediscreen.services.assessment.controller,AssessmentController,0,62,0,0,0,11,0,3,0,3
assessment-service,com.mediscreen.services.assessment.entity,Assessment,0,33,0,0,0,6,0,1,0,1
assessment-service,com.mediscreen.services.assessment.service.impl,AssessmentServiceImpl,0,233,1,21,0,41,1,19,0,9
